<?xml version="1.0" encoding="UTF-8"?>
<!-- Generated by org.testng.reporters.JUnitReportReporter -->
<testsuite hostname="DESKTOP-U9882TR" failures="0" tests="1" name="tests.HomeWorkSearch" time="105.661" errors="0" timestamp="2024-07-05T05:43:43 EEST" skipped="0">
  <testcase classname="tests.HomeWorkSearch" name="searchWhileLogged" time="105.661"/>
  <system-out/>
</testsuite> <!-- tests.HomeWorkSearch -->
