<?xml version="1.0" encoding="UTF-8"?>
<!-- Generated by org.testng.reporters.JUnitReportReporter -->
<testsuite hostname="DESKTOP-U9882TR" failures="0" tests="1" name="tests.LoginTest" time="29.247" errors="0" timestamp="2024-07-05T04:22:07 EEST" skipped="0">
  <testcase classname="tests.LoginTest" name="validLogin" time="29.247"/>
  <system-out/>
</testsuite> <!-- tests.LoginTest -->
