<?xml version="1.0" encoding="UTF-8"?>
<!-- Generated by org.testng.reporters.JUnitReportReporter -->
<testsuite hostname="DESKTOP-U9882TR" failures="0" tests="1" name="tests.LoginTest" time="38.780" errors="0" timestamp="2024-07-03T20:02:58 EEST" skipped="0">
  <testcase classname="tests.LoginTest" name="validLogin" time="38.780"/>
  <system-out/>
</testsuite> <!-- tests.LoginTest -->
