<?xml version="1.0" encoding="UTF-8"?>
<!-- Generated by org.testng.reporters.JUnitReportReporter -->
<testsuite hostname="DESKTOP-U9882TR" failures="0" tests="1" name="tests.Tema30" time="38.469" errors="0" timestamp="2024-07-08T11:43:40 EEST" skipped="0">
  <testcase classname="tests.Tema30" name="verifyBlog" time="38.469"/>
  <system-out/>
</testsuite> <!-- tests.Tema30 -->
