<?xml version="1.0" encoding="UTF-8"?>
<!-- Generated by org.testng.reporters.JUnitReportReporter -->
<testsuite hostname="DESKTOP-U9882TR" failures="0" tests="4" name="tests.Tema29" time="86.558" errors="0" timestamp="2024-07-05T11:26:31 EEST" skipped="0">
  <testcase classname="tests.Tema29" name="addProducts" time="21.104"/>
  <system-out/>
  <testcase classname="tests.Tema29" name="addProducts" time="21.546"/>
  <system-out/>
  <testcase classname="tests.Tema29" name="addProducts" time="22.226"/>
  <system-out/>
  <testcase classname="tests.Tema29" name="addProducts" time="21.682"/>
  <system-out/>
</testsuite> <!-- tests.Tema29 -->
